app/build/intermediates/manifest_merge_blame_file/release/manifest-merger-blame-release-report.txt
1<?xml version="1.0" encoding="utf-8"?>
2<manifest xmlns:android="http://schemas.android.com/apk/res/android"
3    package="com.niyazismayilov.githubrepostats"
4    android:versionCode="1"
5    android:versionName="1.0" >
6
7    <uses-sdk
8        android:minSdkVersion="21"
8-->src/main/AndroidManifest.xml
9        android:targetSdkVersion="32" />
9-->src/main/AndroidManifest.xml
10
11    <uses-permission android:name="android.permission.INTERNET" />
11-->src/main/AndroidManifest.xml:6:5-66
11-->src/main/AndroidManifest.xml:6:22-64
12
13    <application
13-->src/main/AndroidManifest.xml:7:5-30:19
14        android:name="com.niyazismayilov.githubrepostats.ApplicationClass"
14-->src/main/AndroidManifest.xml:8:9-41
15        android:allowBackup="true"
15-->src/main/AndroidManifest.xml:9:9-35
16        android:appComponentFactory="androidx.core.app.CoreComponentFactory"
16-->[androidx.core:core:1.8.0] AndroidManifest.xml:24:18-86
17        android:dataExtractionRules="@xml/data_extraction_rules"
17-->src/main/AndroidManifest.xml:10:9-65
18        android:fullBackupContent="@xml/backup_rules"
18-->src/main/AndroidManifest.xml:11:9-54
19        android:icon="@mipmap/ic_launcher"
19-->src/main/AndroidManifest.xml:12:9-43
20        android:label="@string/app_name"
20-->src/main/AndroidManifest.xml:13:9-41
21        android:roundIcon="@mipmap/ic_launcher_round"
21-->src/main/AndroidManifest.xml:14:9-54
22        android:supportsRtl="true"
22-->src/main/AndroidManifest.xml:15:9-35
23        android:theme="@style/Theme.GithubRepoStats" >
23-->src/main/AndroidManifest.xml:16:9-53
24        <activity
24-->src/main/AndroidManifest.xml:18:9-28:20
25            android:name="com.niyazismayilov.githubrepostats.ui.activity.MainActivity"
25-->src/main/AndroidManifest.xml:19:13-53
26            android:exported="true"
26-->src/main/AndroidManifest.xml:20:13-36
27            android:label="@string/app_name"
27-->src/main/AndroidManifest.xml:21:13-45
28            android:theme="@style/Theme.GithubRepoStats.NoActionBar" >
28-->src/main/AndroidManifest.xml:22:13-69
29            <intent-filter>
29-->src/main/AndroidManifest.xml:23:13-27:29
30                <action android:name="android.intent.action.MAIN" />
30-->src/main/AndroidManifest.xml:24:17-69
30-->src/main/AndroidManifest.xml:24:25-66
31
32                <category android:name="android.intent.category.LAUNCHER" />
32-->src/main/AndroidManifest.xml:26:17-77
32-->src/main/AndroidManifest.xml:26:27-74
33            </intent-filter>
34        </activity>
35
36        <service
36-->[androidx.room:room-runtime:2.4.3] AndroidManifest.xml:25:9-28:40
37            android:name="androidx.room.MultiInstanceInvalidationService"
37-->[androidx.room:room-runtime:2.4.3] AndroidManifest.xml:26:13-74
38            android:directBootAware="true"
38-->[androidx.room:room-runtime:2.4.3] AndroidManifest.xml:27:13-43
39            android:exported="false" />
39-->[androidx.room:room-runtime:2.4.3] AndroidManifest.xml:28:13-37
40
41        <provider
41-->[androidx.emoji2:emoji2:1.2.0] AndroidManifest.xml:24:9-32:20
42            android:name="androidx.startup.InitializationProvider"
42-->[androidx.emoji2:emoji2:1.2.0] AndroidManifest.xml:25:13-67
43            android:authorities="com.niyazismayilov.githubrepostats.androidx-startup"
43-->[androidx.emoji2:emoji2:1.2.0] AndroidManifest.xml:26:13-68
44            android:exported="false" >
44-->[androidx.emoji2:emoji2:1.2.0] AndroidManifest.xml:27:13-37
45            <meta-data
45-->[androidx.emoji2:emoji2:1.2.0] AndroidManifest.xml:29:13-31:52
46                android:name="androidx.emoji2.text.EmojiCompatInitializer"
46-->[androidx.emoji2:emoji2:1.2.0] AndroidManifest.xml:30:17-75
47                android:value="androidx.startup" />
47-->[androidx.emoji2:emoji2:1.2.0] AndroidManifest.xml:31:17-49
48            <meta-data
48-->[androidx.lifecycle:lifecycle-process:2.4.1] AndroidManifest.xml:31:13-33:52
49                android:name="androidx.lifecycle.ProcessLifecycleInitializer"
49-->[androidx.lifecycle:lifecycle-process:2.4.1] AndroidManifest.xml:32:17-78
50                android:value="androidx.startup" />
50-->[androidx.lifecycle:lifecycle-process:2.4.1] AndroidManifest.xml:33:17-49
51        </provider>
52
53        <uses-library
53-->[androidx.window:window:1.0.0] AndroidManifest.xml:25:9-27:40
54            android:name="androidx.window.extensions"
54-->[androidx.window:window:1.0.0] AndroidManifest.xml:26:13-54
55            android:required="false" />
55-->[androidx.window:window:1.0.0] AndroidManifest.xml:27:13-37
56        <uses-library
56-->[androidx.window:window:1.0.0] AndroidManifest.xml:28:9-30:40
57            android:name="androidx.window.sidecar"
57-->[androidx.window:window:1.0.0] AndroidManifest.xml:29:13-51
58            android:required="false" />
58-->[androidx.window:window:1.0.0] AndroidManifest.xml:30:13-37
59    </application>
60
61</manifest>